2026-02-25 16:49:32 0 [Note] Starting MariaDB 11.4.2-MariaDB source revision 3fca5ed772fb75e3e57c507edef2985f8eba5b12 as process 14196
2026-02-25 16:49:32 0 [Note] InnoDB: Compressed tables use zlib 1.3.1
2026-02-25 16:49:32 0 [Note] InnoDB: Using transactional memory
2026-02-25 16:49:32 0 [Note] InnoDB: Number of transaction pools: 1
2026-02-25 16:49:32 0 [Note] InnoDB: Using crc32 + pclmulqdq instructions
2026-02-25 16:49:32 0 [Note] InnoDB: Initializing buffer pool, total size = 128.000MiB, chunk size = 2.000MiB
2026-02-25 16:49:32 0 [Note] InnoDB: Completed initialization of buffer pool
2026-02-25 16:49:32 0 [Note] InnoDB: File system buffers for log disabled (block size=4096 bytes)
2026-02-25 16:49:32 0 [Note] InnoDB: End of log at LSN=47763
2026-02-25 16:49:32 0 [Note] InnoDB: Opened 3 undo tablespaces
2026-02-25 16:49:32 0 [Note] InnoDB: 128 rollback segments in 3 undo tablespaces are active.
2026-02-25 16:49:32 0 [Note] InnoDB: Setting file './ibtmp1' size to 12.000MiB. Physically writing the file full; Please wait ...
2026-02-25 16:49:32 0 [Note] InnoDB: File './ibtmp1' size is now 12.000MiB.
2026-02-25 16:49:32 0 [Note] InnoDB: log sequence number 47763; transaction id 14
2026-02-25 16:49:32 0 [Note] InnoDB: Loading buffer pool(s) from E:\flutter_projects\Graduation-project\backend-api\tools\mariadb\data\ib_buffer_pool
2026-02-25 16:49:32 0 [Note] Plugin 'FEEDBACK' is disabled.
2026-02-25 16:49:32 0 [Note] mariadbd.exe: SSPI: using principal name 'localhost', mech 'Negotiate'
2026-02-25 16:49:32 0 [Note] InnoDB: Buffer pool(s) load completed at 260225 16:49:32
2026-02-25 16:49:32 0 [Note] Server socket created on IP: '::'.
2026-02-25 16:49:32 0 [Note] Server socket created on IP: '0.0.0.0'.
2026-02-25 16:49:32 0 [Note] mariadbd.exe: Event Scheduler: Loaded 0 events
2026-02-25 16:49:32 0 [Note] E:\flutter_projects\Graduation-project\backend-api\tools\mariadb\mariadb-11.4.2-winx64\bin\mariadbd.exe: ready for connections.
Version: '11.4.2-MariaDB'  socket: ''  port: 3307  mariadb.org binary distribution
2026-02-25 18:27:18 0 [Note] Starting MariaDB 11.4.2-MariaDB source revision 3fca5ed772fb75e3e57c507edef2985f8eba5b12 as process 16900
2026-02-25 18:27:18 0 [Note] InnoDB: Compressed tables use zlib 1.3.1
2026-02-25 18:27:18 0 [Note] InnoDB: Using transactional memory
2026-02-25 18:27:18 0 [Note] InnoDB: Number of transaction pools: 1
2026-02-25 18:27:18 0 [Note] InnoDB: Using crc32 + pclmulqdq instructions
2026-02-25 18:27:18 0 [Note] InnoDB: Initializing buffer pool, total size = 128.000MiB, chunk size = 2.000MiB
2026-02-25 18:27:18 0 [Note] InnoDB: Completed initialization of buffer pool
2026-02-25 18:27:18 0 [Note] InnoDB: File system buffers for log disabled (block size=4096 bytes)
2026-02-25 18:27:18 0 [Note] InnoDB: Starting crash recovery from checkpoint LSN=47747
2026-02-25 18:27:18 0 [Note] InnoDB: End of log at LSN=571684
2026-02-25 18:27:18 0 [Note] InnoDB: To recover: 329 pages
2026-02-25 18:27:18 0 [Note] InnoDB: Opened 3 undo tablespaces
2026-02-25 18:27:18 0 [Note] InnoDB: 128 rollback segments in 3 undo tablespaces are active.
2026-02-25 18:27:18 0 [Note] InnoDB: Removed temporary tablespace data file: "./ibtmp1"
2026-02-25 18:27:18 0 [Note] InnoDB: Setting file './ibtmp1' size to 12.000MiB. Physically writing the file full; Please wait ...
2026-02-25 18:27:18 0 [Note] InnoDB: File './ibtmp1' size is now 12.000MiB.
2026-02-25 18:27:18 0 [Note] InnoDB: log sequence number 571684; transaction id 741
2026-02-25 18:27:18 0 [Note] InnoDB: Loading buffer pool(s) from E:\flutter_projects\Graduation-project\backend-api\tools\mariadb\data\ib_buffer_pool
2026-02-25 18:27:18 0 [Note] Plugin 'FEEDBACK' is disabled.
2026-02-25 18:27:18 0 [Note] mariadbd.exe: SSPI: using principal name 'localhost', mech 'Negotiate'
2026-02-25 18:27:18 0 [Note] InnoDB: Buffer pool(s) load completed at 260225 18:27:18
2026-02-25 18:27:18 0 [Note] Recovering after a crash using tc.log
2026-02-25 18:27:18 0 [Note] Starting table crash recovery...
2026-02-25 18:27:18 0 [Note] Crash table recovery finished.
2026-02-25 18:27:19 0 [Note] Server socket created on IP: '::'.
2026-02-25 18:27:19 0 [Note] Server socket created on IP: '0.0.0.0'.
2026-02-25 18:27:19 0 [Note] mariadbd.exe: Event Scheduler: Loaded 0 events
2026-02-25 18:27:19 0 [Note] backend-api\tools\mariadb\mariadb-11.4.2-winx64\bin\mariadbd.exe: ready for connections.
Version: '11.4.2-MariaDB'  socket: ''  port: 3307  mariadb.org binary distribution
2026-02-25 18:37:10 3 [Warning] Aborted connection 3 to db: 'career_compass' user: 'root' host: 'localhost' (Got an error reading communication packets)
2026-02-25 18:48:34 0 [Note] Starting MariaDB 11.4.2-MariaDB source revision 3fca5ed772fb75e3e57c507edef2985f8eba5b12 as process 40780
2026-02-25 18:48:34 0 [ERROR] InnoDB: The data file './ibdata1' must be writable
2026-02-25 18:48:34 0 [ERROR] InnoDB: The data file './ibdata1' must be writable
2026-02-25 18:48:34 0 [ERROR] Plugin 'InnoDB' registration as a STORAGE ENGINE failed.
2026-02-25 18:48:34 0 [Note] Plugin 'FEEDBACK' is disabled.
2026-02-25 18:48:34 0 [Note] mariadbd.exe: SSPI: using principal name 'localhost', mech 'Negotiate'
2026-02-25 18:48:34 0 [ERROR] Unknown/unsupported storage engine: InnoDB
2026-02-25 18:48:34 0 [ERROR] Aborting
2026-02-25 18:59:02 16 [Warning] Aborted connection 16 to db: 'career_compass' user: 'root' host: 'localhost' (Got an error reading communication packets)
2026-02-25 19:00:20 0 [Note] console_event_handler: received CTRL_CLOSE_EVENT event, terminating
